[  113080ms] TypeError: Cannot read properties of undefined (reading 'length')
    at Me.findPos (https://esm.sh/@codemirror/view@6.38.1/es2022/view.mjs:2:10246)
    at De.domAtPos (https://esm.sh/@codemirror/view@6.38.1/es2022/view.mjs:2:47524)
    at De.updateSelection (https://esm.sh/@codemirror/view@6.38.1/es2022/view.mjs:2:44669)
    at Ci.readSelectionRange (https://esm.sh/@codemirror/view@6.38.1/es2022/view.mjs:4:54331)
    at De.updateSelection (https://esm.sh/@codemirror/view@6.38.1/es2022/view.mjs:2:44336)
    at s.update (https://esm.sh/@codemirror/view@6.38.1/es2022/view.mjs:5:7838)
    at s.dispatchTransactions (https://esm.sh/@codemirror/view@6.38.1/es2022/view.mjs:5:5613)
    at s.dispatch (https://esm.sh/@codemirror/view@6.38.1/es2022/view.mjs:5:6381)
    at di.select (https://esm.sh/@codemirror/view@6.38.1/es2022/view.mjs:4:9740)
    at di.start (https://esm.sh/@codemirror/view@6.38.1/es2022/view.mjs:4:7805)
[  113082ms] TypeError: Cannot read properties of undefined (reading 'length')
    at Me.findPos (https://esm.sh/@codemirror/view@6.38.1/es2022/view.mjs:2:10246)
    at De.domAtPos (https://esm.sh/@codemirror/view@6.38.1/es2022/view.mjs:2:47524)
    at De.updateSelection (https://esm.sh/@codemirror/view@6.38.1/es2022/view.mjs:2:44669)
    at s.update (https://esm.sh/@codemirror/view@6.38.1/es2022/view.mjs:5:7838)
    at s.dispatchTransactions (https://esm.sh/@codemirror/view@6.38.1/es2022/view.mjs:5:5613)
    at s.dispatch (https://esm.sh/@codemirror/view@6.38.1/es2022/view.mjs:5:6381)
    at Mn (https://esm.sh/@codemirror/view@6.38.1/es2022/view.mjs:4:318)
    at Ci.flush (https://esm.sh/@codemirror/view@6.38.1/es2022/view.mjs:4:57342)
    at Ci.onScroll (https://esm.sh/@codemirror/view@6.38.1/es2022/view.mjs:4:52801)
[  113084ms] TypeError: Cannot read properties of undefined (reading 'length')
    at Me.findPos (https://esm.sh/@codemirror/view@6.38.1/es2022/view.mjs:2:10246)
    at De.domAtPos (https://esm.sh/@codemirror/view@6.38.1/es2022/view.mjs:2:47524)
    at De.updateSelection (https://esm.sh/@codemirror/view@6.38.1/es2022/view.mjs:2:44669)
    at s.update (https://esm.sh/@codemirror/view@6.38.1/es2022/view.mjs:5:7838)
    at s.dispatchTransactions (https://esm.sh/@codemirror/view@6.38.1/es2022/view.mjs:5:5613)
    at s.dispatch (https://esm.sh/@codemirror/view@6.38.1/es2022/view.mjs:5:6381)
    at Mn (https://esm.sh/@codemirror/view@6.38.1/es2022/view.mjs:4:318)
    at Ci.flush (https://esm.sh/@codemirror/view@6.38.1/es2022/view.mjs:4:57342)
    at Ci.onSelectionChange (https://esm.sh/@codemirror/view@6.38.1/es2022/view.mjs:4:53921)
